<?xml version="1.0" encoding="UTF-8"?>
<!-- Generated by org.testng.reporters.JUnitReportReporter -->
<testsuite hostname="DESKTOP-QI6H2EA" failures="0" tests="1" name="testPackage.TC_LoginPage" time="26.135" errors="0" timestamp="2022-06-17T02:26:14 IST" skipped="0">
  <testcase classname="testPackage.TC_LoginPage" name="validateLoginPage" time="26.135"/>
  <system-out/>
</testsuite> <!-- testPackage.TC_LoginPage -->
